Arguments: 
  /Users/vanessa/.nvm/versions/node/v12.13.1/bin/node /usr/local/Cellar/yarn/1.21.1/libexec/bin/yarn.js add native-js-dnd-list

PATH: 
  /Users/vanessa/.nvm/versions/node/v12.13.1/bin:/Users/vanessa/anaconda3/bin:/Users/vanessa/opt/anaconda3/condabin:/usr/local/bin:/usr/bin:/bin:/usr/sbin:/sbin:/Library/Frameworks/Python.framework/Versions/3.8/bin

Yarn version: 
  1.21.1

Node version: 
  12.13.1

Platform: 
  darwin x64

Trace: 
  Error: https://registry.yarnpkg.com/native-js-dnd-list: Not found
      at Request.params.callback [as _callback] (/usr/local/Cellar/yarn/1.21.1/libexec/lib/cli.js:66947:18)
      at Request.self.callback (/usr/local/Cellar/yarn/1.21.1/libexec/lib/cli.js:140665:22)
      at Request.emit (events.js:210:5)
      at Request.<anonymous> (/usr/local/Cellar/yarn/1.21.1/libexec/lib/cli.js:141637:10)
      at Request.emit (events.js:210:5)
      at IncomingMessage.<anonymous> (/usr/local/Cellar/yarn/1.21.1/libexec/lib/cli.js:141559:12)
      at Object.onceWrapper (events.js:299:28)
      at IncomingMessage.emit (events.js:215:7)
      at endReadableNT (_stream_readable.js:1184:12)
      at processTicksAndRejections (internal/process/task_queues.js:80:21)

npm manifest: 
  No manifest

yarn manifest: 
  No manifest

Lockfile: 
  No lockfile
